08/12/22 09:53:14 PM Thursday - ContactFormTest - INFO : Application Launched
08/12/22 09:53:14 PM Thursday - ContactFormTest - INFO : Signup button Clicked
08/12/22 09:53:21 PM Thursday - ContactFormTest - INFO : Shopping User button Clicked
08/12/22 09:53:21 PM Thursday - ContactFormTest - INFO : Get Started button Clicked
08/12/22 09:53:25 PM Thursday - ContactFormTest - INFO : Username Entered
08/12/22 09:53:27 PM Thursday - ContactFormTest - INFO : Email Entered
08/12/22 09:53:29 PM Thursday - setAge - INFO : Age Textbox Clicked
08/12/22 09:53:30 PM Thursday - setAge - INFO : Ok button clicked
08/12/22 09:53:31 PM Thursday - ContactFormTest - INFO : Age Entered
08/12/22 09:53:34 PM Thursday - ContactFormTest - INFO : Gender Is Selected
08/12/22 09:53:41 PM Thursday - ContactFormTest - INFO : Password Entered
08/12/22 09:53:43 PM Thursday - ContactFormTest - INFO : Confirm Password Entered
08/12/22 09:53:44 PM Thursday - ContactFormTest - INFO : Accept Policy Checkbox Checked
08/12/22 09:53:45 PM Thursday - ContactFormTest - INFO : SignUp Button Clicked
08/12/22 09:53:48 PM Thursday - BasePage - INFO : Screenshot save to Path : C:\Users\Umair Khan\PycharmProjects\LinkFront\Screenshots\test_SignUpUser_001_08_12_22_21_53_47.png
08/12/22 09:59:06 PM Thursday - ContactFormTest - INFO : Application Launched
08/12/22 09:59:07 PM Thursday - ContactFormTest - INFO : Signup button Clicked
08/12/22 09:59:13 PM Thursday - ContactFormTest - INFO : Shopping User button Clicked
08/12/22 09:59:14 PM Thursday - ContactFormTest - INFO : Get Started button Clicked
08/12/22 09:59:17 PM Thursday - ContactFormTest - INFO : Username Entered
08/12/22 09:59:20 PM Thursday - ContactFormTest - INFO : Email Entered
08/12/22 09:59:22 PM Thursday - setAge - INFO : Age Textbox Clicked
08/12/22 09:59:23 PM Thursday - setAge - INFO : Edit button clicked
10/12/22 04:43:37 PM Saturday - ContactFormTest - INFO : Application Launched
10/12/22 04:43:37 PM Saturday - ContactFormTest - INFO : Signup button Clicked
10/12/22 04:43:42 PM Saturday - ContactFormTest - INFO : Shopping User button Clicked
10/12/22 04:43:42 PM Saturday - ContactFormTest - INFO : Get Started button Clicked
10/12/22 04:43:42 PM Saturday - ContactFormTest - INFO : Username Entered
10/12/22 04:44:56 PM Saturday - ContactFormTest - INFO : Application Launched
10/12/22 04:44:56 PM Saturday - ContactFormTest - INFO : Signup button Clicked
10/12/22 04:45:01 PM Saturday - ContactFormTest - INFO : Shopping User button Clicked
10/12/22 04:45:02 PM Saturday - ContactFormTest - INFO : Get Started button Clicked
10/12/22 04:45:02 PM Saturday - ContactFormTest - INFO : Username Entered
10/12/22 04:54:21 PM Saturday - ContactFormTest - INFO : Application Launched
10/12/22 04:54:21 PM Saturday - ContactFormTest - INFO : Signup button Clicked
10/12/22 04:59:15 PM Saturday - ContactFormTest - INFO : Application Launched
10/12/22 04:59:16 PM Saturday - ContactFormTest - INFO : Signup button Clicked
10/12/22 05:01:16 PM Saturday - ContactFormTest - INFO : Application Launched
10/12/22 05:01:16 PM Saturday - ContactFormTest - INFO : Signup button Clicked
10/12/22 05:04:07 PM Saturday - ContactFormTest - INFO : Application Launched
10/12/22 05:04:07 PM Saturday - ContactFormTest - INFO : Signup button Clicked
10/12/22 05:04:08 PM Saturday - ContactFormTest - INFO : Shopping User button Clicked
10/12/22 05:04:08 PM Saturday - ContactFormTest - INFO : Get Started button Clicked
10/12/22 05:04:09 PM Saturday - ContactFormTest - INFO : Username Entered
10/12/22 05:25:56 PM Saturday - ContactFormTest - INFO : Application Launched
10/12/22 05:26:46 PM Saturday - ContactFormTest - INFO : Signup button Clicked
10/12/22 05:27:37 PM Saturday - ContactFormTest - INFO : Shopping User button Clicked
10/12/22 05:28:28 PM Saturday - ContactFormTest - INFO : Get Started button Clicked
10/12/22 05:30:19 PM Saturday - ContactFormTest - INFO : Username Entered
10/12/22 05:31:37 PM Saturday - ContactFormTest - INFO : Email Entered
10/12/22 05:31:37 PM Saturday - setAge - INFO : Age Textbox Clicked
10/12/22 05:31:38 PM Saturday - setAge - INFO : Edit button clicked
11/12/22 01:25:14 PM Sunday - ContactFormTest - INFO : Application Launched
11/12/22 01:25:14 PM Sunday - ContactFormTest - INFO : Signup button Clicked
11/12/22 01:25:14 PM Sunday - ContactFormTest - INFO : Shopping User button Clicked
11/12/22 01:25:14 PM Sunday - ContactFormTest - INFO : Get Started button Clicked
11/12/22 01:25:14 PM Sunday - ContactFormTest - INFO : Username Entered
11/12/22 01:31:31 PM Sunday - ContactFormTest - INFO : Application Launched
11/12/22 01:31:31 PM Sunday - ContactFormTest - INFO : Signup button Clicked
11/12/22 01:31:32 PM Sunday - ContactFormTest - INFO : Shopping User button Clicked
11/12/22 01:31:34 PM Sunday - ContactFormTest - INFO : Get Started button Clicked
11/12/22 01:31:35 PM Sunday - ContactFormTest - INFO : Username Entered
11/12/22 01:31:41 PM Sunday - ContactFormTest - INFO : Email Entered
11/12/22 01:31:44 PM Sunday - setAge - INFO : Age Textbox Clicked
11/12/22 01:31:47 PM Sunday - setAge - INFO : Edit button clicked
11/12/22 01:31:51 PM Sunday - setAge - INFO : OK Button Clicked
11/12/22 01:31:51 PM Sunday - ContactFormTest - INFO : Age Entered
11/12/22 01:31:56 PM Sunday - ContactFormTest - INFO : Gender Is Selected
11/12/22 01:32:03 PM Sunday - ContactFormTest - INFO : Password Entered
11/12/22 01:32:04 PM Sunday - ContactFormTest - INFO : Confirm Password Entered
11/12/22 01:32:06 PM Sunday - ContactFormTest - INFO : Accept Policy Checkbox Checked
11/12/22 01:32:07 PM Sunday - ContactFormTest - INFO : SignUp Button Clicked
11/12/22 01:32:12 PM Sunday - BasePage - INFO : Screenshot save to Path : C:\Users\Umair Khan\PycharmProjects\LinkFront\Screenshots\test_SignUpUser_001_11_12_22_13_32_11.png
11/12/22 02:29:33 PM Sunday - ContactFormTest - INFO : 001
11/12/22 02:29:33 PM Sunday - ContactFormTest - INFO : Application Launched
11/12/22 02:29:36 PM Sunday - ContactFormTest - INFO : Email Entered
11/12/22 02:29:40 PM Sunday - ContactFormTest - INFO : Password Entered
11/12/22 02:29:51 PM Sunday - ContactFormTest - INFO : Login Button Clicked
11/12/22 02:29:51 PM Sunday - BasePage - INFO : Element found with LocatorType: xpath with the locatorValue :/hierarchy/android.widget.FrameLayout/android.widget.LinearLayout/android.widget.FrameLayout/android.widget.FrameLayout/android.view.View/android.view.View/android.view.View/android.view.View/android.view.View[2]/android.view.View/android.view.View/android.view.View/android.view.View/android.view.View/android.view.View
11/12/22 02:29:51 PM Sunday - BasePage - INFO : Clicked on Element with LocatorType: xpath and with the locatorValue :/hierarchy/android.widget.FrameLayout/android.widget.LinearLayout/android.widget.FrameLayout/android.widget.FrameLayout/android.view.View/android.view.View/android.view.View/android.view.View/android.view.View[2]/android.view.View/android.view.View/android.view.View/android.view.View/android.view.View/android.view.View
11/12/22 02:30:20 PM Sunday - BasePage - INFO : Element not found with LocatorType: xpath and with the locatorValue ://android.widget.ImageView[@content-desc="No post to show Click here to follow others"]
11/12/22 02:30:20 PM Sunday - BasePage - INFO : Unable to click on Element with LocatorType: xpath and with the locatorValue ://android.widget.ImageView[@content-desc="No post to show Click here to follow others"]
11/12/22 02:30:46 PM Sunday - BasePage - INFO : Element not found with LocatorType: xpath and with the locatorValue :/hierarchy/android.widget.FrameLayout/android.widget.LinearLayout/android.widget.FrameLayout/android.widget.FrameLayout/android.view.View/android.view.View/android.view.View/android.view.View/android.view.View[3]/android.widget.ImageView[2]
11/12/22 02:30:46 PM Sunday - BasePage - INFO : Unable to click on Element with LocatorType: xpath and with the locatorValue :/hierarchy/android.widget.FrameLayout/android.widget.LinearLayout/android.widget.FrameLayout/android.widget.FrameLayout/android.view.View/android.view.View/android.view.View/android.view.View/android.view.View[3]/android.widget.ImageView[2]
11/12/22 02:31:12 PM Sunday - BasePage - INFO : Element not found with LocatorType: xpath and with the locatorValue :/hierarchy/android.widget.FrameLayout/android.widget.LinearLayout/android.widget.FrameLayout/android.widget.FrameLayout/android.view.View/android.view.View/android.view.View/android.view.View/android.view.View[3]/android.widget.ImageView[3]
11/12/22 02:31:12 PM Sunday - BasePage - INFO : Unable to click on Element with LocatorType: xpath and with the locatorValue :/hierarchy/android.widget.FrameLayout/android.widget.LinearLayout/android.widget.FrameLayout/android.widget.FrameLayout/android.view.View/android.view.View/android.view.View/android.view.View/android.view.View[3]/android.widget.ImageView[3]
11/12/22 02:31:37 PM Sunday - BasePage - INFO : Element not found with LocatorType: xpath and with the locatorValue :/hierarchy/android.widget.FrameLayout/android.widget.LinearLayout/android.widget.FrameLayout/android.widget.FrameLayout/android.view.View/android.view.View/android.view.View/android.view.View/android.view.View[3]/android.widget.ImageView[4]
11/12/22 02:31:37 PM Sunday - BasePage - INFO : Unable to click on Element with LocatorType: xpath and with the locatorValue :/hierarchy/android.widget.FrameLayout/android.widget.LinearLayout/android.widget.FrameLayout/android.widget.FrameLayout/android.view.View/android.view.View/android.view.View/android.view.View/android.view.View[3]/android.widget.ImageView[4]
11/12/22 02:31:51 PM Sunday - BasePage - INFO : Element not found with LocatorType: xpath and with the locatorValue :/hierarchy/android.widget.FrameLayout/android.widget.LinearLayout/android.widget.FrameLayout/android.widget.FrameLayout/android.view.View/android.view.View/android.view.View/android.view.View/android.view.View[3]/android.widget.ImageView[1]
11/12/22 02:31:51 PM Sunday - BasePage - INFO : Unable to click on Element with LocatorType: xpath and with the locatorValue :/hierarchy/android.widget.FrameLayout/android.widget.LinearLayout/android.widget.FrameLayout/android.widget.FrameLayout/android.view.View/android.view.View/android.view.View/android.view.View/android.view.View[3]/android.widget.ImageView[1]
11/12/22 02:32:50 PM Sunday - ContactFormTest - INFO : 001
11/12/22 02:32:50 PM Sunday - ContactFormTest - INFO : Application Launched
11/12/22 02:32:54 PM Sunday - ContactFormTest - INFO : Email Entered
11/12/22 02:32:57 PM Sunday - ContactFormTest - INFO : Password Entered
11/12/22 02:33:09 PM Sunday - ContactFormTest - INFO : Login Button Clicked
11/12/22 02:33:09 PM Sunday - BasePage - INFO : Element found with LocatorType: xpath with the locatorValue :/hierarchy/android.widget.FrameLayout/android.widget.LinearLayout/android.widget.FrameLayout/android.widget.FrameLayout/android.view.View/android.view.View/android.view.View/android.view.View/android.view.View[3]/android.widget.ImageView[2]
11/12/22 02:33:10 PM Sunday - BasePage - INFO : Clicked on Element with LocatorType: xpath and with the locatorValue :/hierarchy/android.widget.FrameLayout/android.widget.LinearLayout/android.widget.FrameLayout/android.widget.FrameLayout/android.view.View/android.view.View/android.view.View/android.view.View/android.view.View[3]/android.widget.ImageView[2]
11/12/22 02:33:10 PM Sunday - BasePage - INFO : Element found with LocatorType: xpath with the locatorValue :/hierarchy/android.widget.FrameLayout/android.widget.LinearLayout/android.widget.FrameLayout/android.widget.FrameLayout/android.view.View/android.view.View/android.view.View/android.view.View/android.view.View[3]/android.widget.ImageView[3]
11/12/22 02:33:12 PM Sunday - BasePage - INFO : Clicked on Element with LocatorType: xpath and with the locatorValue :/hierarchy/android.widget.FrameLayout/android.widget.LinearLayout/android.widget.FrameLayout/android.widget.FrameLayout/android.view.View/android.view.View/android.view.View/android.view.View/android.view.View[3]/android.widget.ImageView[3]
11/12/22 02:33:12 PM Sunday - BasePage - INFO : Element found with LocatorType: xpath with the locatorValue :/hierarchy/android.widget.FrameLayout/android.widget.LinearLayout/android.widget.FrameLayout/android.widget.FrameLayout/android.view.View/android.view.View/android.view.View/android.view.View/android.view.View[3]/android.widget.ImageView[4]
11/12/22 02:33:14 PM Sunday - BasePage - INFO : Clicked on Element with LocatorType: xpath and with the locatorValue :/hierarchy/android.widget.FrameLayout/android.widget.LinearLayout/android.widget.FrameLayout/android.widget.FrameLayout/android.view.View/android.view.View/android.view.View/android.view.View/android.view.View[3]/android.widget.ImageView[4]
11/12/22 02:33:14 PM Sunday - BasePage - INFO : Element found with LocatorType: xpath with the locatorValue :/hierarchy/android.widget.FrameLayout/android.widget.LinearLayout/android.widget.FrameLayout/android.widget.FrameLayout/android.view.View/android.view.View/android.view.View/android.view.View/android.view.View[3]/android.widget.ImageView[1]
11/12/22 02:33:15 PM Sunday - BasePage - INFO : Clicked on Element with LocatorType: xpath and with the locatorValue :/hierarchy/android.widget.FrameLayout/android.widget.LinearLayout/android.widget.FrameLayout/android.widget.FrameLayout/android.view.View/android.view.View/android.view.View/android.view.View/android.view.View[3]/android.widget.ImageView[1]
11/12/22 02:33:53 PM Sunday - ContactFormTest - INFO : 001
11/12/22 02:33:53 PM Sunday - ContactFormTest - INFO : Application Launched
11/12/22 02:33:57 PM Sunday - ContactFormTest - INFO : Email Entered
11/12/22 02:34:01 PM Sunday - ContactFormTest - INFO : Password Entered
11/12/22 02:34:12 PM Sunday - ContactFormTest - INFO : Login Button Clicked
11/12/22 02:34:38 PM Sunday - BasePage - INFO : Element not found with LocatorType: xpath and with the locatorValue ://android.widget.ImageView[@content-desc="No post to show Click here to follow others"]
11/12/22 02:34:38 PM Sunday - BasePage - INFO : Unable to click on Element with LocatorType: xpath and with the locatorValue ://android.widget.ImageView[@content-desc="No post to show Click here to follow others"]
11/12/22 02:35:11 PM Sunday - BasePage - INFO : Element not found with LocatorType: xpath and with the locatorValue :/hierarchy/android.widget.FrameLayout/android.widget.LinearLayout/android.widget.FrameLayout/android.widget.FrameLayout/android.view.View/android.view.View/android.view.View/android.view.View/android.view.View[3]/android.widget.ImageView[2]
11/12/22 02:35:11 PM Sunday - BasePage - INFO : Unable to click on Element with LocatorType: xpath and with the locatorValue :/hierarchy/android.widget.FrameLayout/android.widget.LinearLayout/android.widget.FrameLayout/android.widget.FrameLayout/android.view.View/android.view.View/android.view.View/android.view.View/android.view.View[3]/android.widget.ImageView[2]
11/12/22 02:35:19 PM Sunday - BasePage - INFO : Element not found with LocatorType: xpath and with the locatorValue :/hierarchy/android.widget.FrameLayout/android.widget.LinearLayout/android.widget.FrameLayout/android.widget.FrameLayout/android.view.View/android.view.View/android.view.View/android.view.View/android.view.View[3]/android.widget.ImageView[3]
11/12/22 02:35:19 PM Sunday - BasePage - INFO : Unable to click on Element with LocatorType: xpath and with the locatorValue :/hierarchy/android.widget.FrameLayout/android.widget.LinearLayout/android.widget.FrameLayout/android.widget.FrameLayout/android.view.View/android.view.View/android.view.View/android.view.View/android.view.View[3]/android.widget.ImageView[3]
11/12/22 02:35:27 PM Sunday - BasePage - INFO : Element not found with LocatorType: xpath and with the locatorValue :/hierarchy/android.widget.FrameLayout/android.widget.LinearLayout/android.widget.FrameLayout/android.widget.FrameLayout/android.view.View/android.view.View/android.view.View/android.view.View/android.view.View[3]/android.widget.ImageView[4]
11/12/22 02:35:27 PM Sunday - BasePage - INFO : Unable to click on Element with LocatorType: xpath and with the locatorValue :/hierarchy/android.widget.FrameLayout/android.widget.LinearLayout/android.widget.FrameLayout/android.widget.FrameLayout/android.view.View/android.view.View/android.view.View/android.view.View/android.view.View[3]/android.widget.ImageView[4]
11/12/22 02:35:36 PM Sunday - BasePage - INFO : Element not found with LocatorType: xpath and with the locatorValue :/hierarchy/android.widget.FrameLayout/android.widget.LinearLayout/android.widget.FrameLayout/android.widget.FrameLayout/android.view.View/android.view.View/android.view.View/android.view.View/android.view.View[3]/android.widget.ImageView[1]
11/12/22 02:35:36 PM Sunday - BasePage - INFO : Unable to click on Element with LocatorType: xpath and with the locatorValue :/hierarchy/android.widget.FrameLayout/android.widget.LinearLayout/android.widget.FrameLayout/android.widget.FrameLayout/android.view.View/android.view.View/android.view.View/android.view.View/android.view.View[3]/android.widget.ImageView[1]
11/12/22 02:36:42 PM Sunday - ContactFormTest - INFO : 001
11/12/22 02:36:42 PM Sunday - ContactFormTest - INFO : Application Launched
11/12/22 02:36:46 PM Sunday - ContactFormTest - INFO : Email Entered
11/12/22 02:36:50 PM Sunday - ContactFormTest - INFO : Password Entered
11/12/22 02:37:00 PM Sunday - ContactFormTest - INFO : Login Button Clicked
11/12/22 02:37:01 PM Sunday - BasePage - INFO : Element found with LocatorType: xpath with the locatorValue :/hierarchy/android.widget.FrameLayout/android.widget.LinearLayout/android.widget.FrameLayout/android.widget.FrameLayout/android.view.View/android.view.View/android.view.View/android.view.View/android.view.View[2]/android.view.View/android.view.View/android.view.View/android.view.View/android.view.View/android.view.View
11/12/22 02:37:01 PM Sunday - BasePage - INFO : Clicked on Element with LocatorType: xpath and with the locatorValue :/hierarchy/android.widget.FrameLayout/android.widget.LinearLayout/android.widget.FrameLayout/android.widget.FrameLayout/android.view.View/android.view.View/android.view.View/android.view.View/android.view.View[2]/android.view.View/android.view.View/android.view.View/android.view.View/android.view.View/android.view.View
11/12/22 02:37:05 PM Sunday - BasePage - INFO : Element found with LocatorType: xpath with the locatorValue :/hierarchy/android.widget.FrameLayout/android.widget.LinearLayout/android.widget.FrameLayout/android.widget.FrameLayout/android.view.View/android.view.View/android.view.View/android.view.View/android.view.View[3]/android.widget.ImageView[2]
11/12/22 02:37:05 PM Sunday - BasePage - INFO : Clicked on Element with LocatorType: xpath and with the locatorValue :/hierarchy/android.widget.FrameLayout/android.widget.LinearLayout/android.widget.FrameLayout/android.widget.FrameLayout/android.view.View/android.view.View/android.view.View/android.view.View/android.view.View[3]/android.widget.ImageView[2]
11/12/22 02:37:06 PM Sunday - BasePage - INFO : Element found with LocatorType: xpath with the locatorValue :/hierarchy/android.widget.FrameLayout/android.widget.LinearLayout/android.widget.FrameLayout/android.widget.FrameLayout/android.view.View/android.view.View/android.view.View/android.view.View/android.view.View[3]/android.widget.ImageView[3]
11/12/22 02:37:08 PM Sunday - BasePage - INFO : Clicked on Element with LocatorType: xpath and with the locatorValue :/hierarchy/android.widget.FrameLayout/android.widget.LinearLayout/android.widget.FrameLayout/android.widget.FrameLayout/android.view.View/android.view.View/android.view.View/android.view.View/android.view.View[3]/android.widget.ImageView[3]
11/12/22 02:37:08 PM Sunday - BasePage - INFO : Element found with LocatorType: xpath with the locatorValue :/hierarchy/android.widget.FrameLayout/android.widget.LinearLayout/android.widget.FrameLayout/android.widget.FrameLayout/android.view.View/android.view.View/android.view.View/android.view.View/android.view.View[3]/android.widget.ImageView[4]
11/12/22 02:37:10 PM Sunday - BasePage - INFO : Clicked on Element with LocatorType: xpath and with the locatorValue :/hierarchy/android.widget.FrameLayout/android.widget.LinearLayout/android.widget.FrameLayout/android.widget.FrameLayout/android.view.View/android.view.View/android.view.View/android.view.View/android.view.View[3]/android.widget.ImageView[4]
11/12/22 02:37:10 PM Sunday - BasePage - INFO : Element found with LocatorType: xpath with the locatorValue :/hierarchy/android.widget.FrameLayout/android.widget.LinearLayout/android.widget.FrameLayout/android.widget.FrameLayout/android.view.View/android.view.View/android.view.View/android.view.View/android.view.View[3]/android.widget.ImageView[1]
11/12/22 02:37:11 PM Sunday - BasePage - INFO : Clicked on Element with LocatorType: xpath and with the locatorValue :/hierarchy/android.widget.FrameLayout/android.widget.LinearLayout/android.widget.FrameLayout/android.widget.FrameLayout/android.view.View/android.view.View/android.view.View/android.view.View/android.view.View[3]/android.widget.ImageView[1]
11/12/22 06:21:17 PM Sunday - ContactFormTest - INFO : 001
11/12/22 06:21:17 PM Sunday - ContactFormTest - INFO : Application Launched
11/12/22 06:21:20 PM Sunday - ContactFormTest - INFO : Email Entered
11/12/22 06:21:23 PM Sunday - ContactFormTest - INFO : Password Entered
11/12/22 06:21:34 PM Sunday - ContactFormTest - INFO : Login Button Clicked
11/12/22 06:34:09 PM Sunday - ContactFormTest - INFO : 001
11/12/22 06:34:09 PM Sunday - ContactFormTest - INFO : Application Launched
11/12/22 06:34:11 PM Sunday - ContactFormTest - INFO : Email Entered
11/12/22 06:34:15 PM Sunday - ContactFormTest - INFO : Password Entered
11/12/22 06:34:26 PM Sunday - ContactFormTest - INFO : Login Button Clicked
11/12/22 07:10:31 PM Sunday - ContactFormTest - INFO : 001
11/12/22 07:10:31 PM Sunday - ContactFormTest - INFO : Application Launched
11/12/22 07:10:32 PM Sunday - BasePage - INFO : Element found with LocatorType: class with the locatorValue :android.widget.ImageView
11/12/22 07:10:32 PM Sunday - BasePage - INFO : Send text  on Element with LocatorType: class and with the locatorValue :android.widget.ImageView
11/12/22 07:10:32 PM Sunday - ContactFormTest - INFO : Email Entered
11/12/22 07:10:32 PM Sunday - BasePage - INFO : Element found with LocatorType: class with the locatorValue :android.widget.EditText
11/12/22 07:10:32 PM Sunday - BasePage - INFO : Send text  on Element with LocatorType: class and with the locatorValue :android.widget.EditText
11/12/22 07:10:32 PM Sunday - ContactFormTest - INFO : Password Entered
11/12/22 07:10:32 PM Sunday - BasePage - INFO : Element found with LocatorType: class with the locatorValue :android.widget.Button
11/12/22 07:10:32 PM Sunday - BasePage - INFO : Clicked on Element with LocatorType: class and with the locatorValue :android.widget.Button
11/12/22 07:10:32 PM Sunday - ContactFormTest - INFO : Login Button Clicked
11/12/22 07:11:50 PM Sunday - ContactFormTest - INFO : 001
11/12/22 07:11:50 PM Sunday - ContactFormTest - INFO : Application Launched
11/12/22 07:11:50 PM Sunday - BasePage - INFO : Element found with LocatorType: class with the locatorValue :android.widget.ImageView
11/12/22 07:11:51 PM Sunday - BasePage - INFO : Send text  on Element with LocatorType: class and with the locatorValue :android.widget.ImageView
11/12/22 07:11:51 PM Sunday - ContactFormTest - INFO : Email Entered
11/12/22 07:11:51 PM Sunday - BasePage - INFO : Element found with LocatorType: class with the locatorValue :android.widget.EditText
11/12/22 07:11:53 PM Sunday - BasePage - INFO : Send text  on Element with LocatorType: class and with the locatorValue :android.widget.EditText
11/12/22 07:11:53 PM Sunday - ContactFormTest - INFO : Password Entered
11/12/22 07:11:53 PM Sunday - BasePage - INFO : Element found with LocatorType: class with the locatorValue :android.widget.Button
11/12/22 07:11:53 PM Sunday - BasePage - INFO : Clicked on Element with LocatorType: class and with the locatorValue :android.widget.Button
11/12/22 07:11:53 PM Sunday - ContactFormTest - INFO : Login Button Clicked
11/12/22 07:14:32 PM Sunday - ContactFormTest - INFO : 001
11/12/22 07:14:32 PM Sunday - ContactFormTest - INFO : Application Launched
11/12/22 07:14:32 PM Sunday - BasePage - INFO : Element found with LocatorType: class with the locatorValue :android.widget.ImageView
11/12/22 07:14:34 PM Sunday - BasePage - INFO : Text 'test1@yopmail.com' on Element with LocatorType: class and with the locatorValue :android.widget.ImageView
11/12/22 07:14:34 PM Sunday - ContactFormTest - INFO : Email Entered
11/12/22 07:14:34 PM Sunday - BasePage - INFO : Element found with LocatorType: class with the locatorValue :android.widget.EditText
11/12/22 07:14:35 PM Sunday - BasePage - INFO : Text 'Abcd@1234' on Element with LocatorType: class and with the locatorValue :android.widget.EditText
11/12/22 07:14:35 PM Sunday - ContactFormTest - INFO : Password Entered
11/12/22 07:14:35 PM Sunday - BasePage - INFO : Element found with LocatorType: class with the locatorValue :android.widget.Button
11/12/22 07:14:36 PM Sunday - BasePage - INFO : Clicked on Element with LocatorType: class and with the locatorValue :android.widget.Button
11/12/22 07:14:36 PM Sunday - ContactFormTest - INFO : Login Button Clicked
11/12/22 10:12:23 PM Sunday - LoginFlow - INFO : 001
11/12/22 10:12:23 PM Sunday - LoginFlow - INFO : Application Launched
11/12/22 10:12:23 PM Sunday - BasePage - INFO : Element found with LocatorType: class with the locatorValue :android.widget.ImageView
11/12/22 10:12:24 PM Sunday - BasePage - INFO : Text 'test1@yopmail.com' send on Element with LocatorType: class and with the locatorValue :android.widget.ImageView
11/12/22 10:12:24 PM Sunday - LoginFlow - INFO : Email Entered
11/12/22 10:12:24 PM Sunday - BasePage - INFO : Element found with LocatorType: class with the locatorValue :android.widget.EditText
11/12/22 10:12:26 PM Sunday - BasePage - INFO : Text 'Abcd@1234' send on Element with LocatorType: class and with the locatorValue :android.widget.EditText
11/12/22 10:12:26 PM Sunday - LoginFlow - INFO : Password Entered
11/12/22 10:12:26 PM Sunday - BasePage - INFO : Element found with LocatorType: class with the locatorValue :android.widget.Button
11/12/22 10:12:27 PM Sunday - BasePage - INFO : Clicked on Element with LocatorType: class and with the locatorValue :android.widget.Button
11/12/22 10:12:27 PM Sunday - LoginFlow - INFO : Login Button Clicked
11/12/22 10:12:30 PM Sunday - BasePage - INFO : Element found with LocatorType: xpath with the locatorValue :/hierarchy/android.widget.FrameLayout/android.widget.LinearLayout/android.widget.FrameLayout/android.widget.FrameLayout/android.view.View/android.view.View/android.view.View/android.view.View/android.view.View[3]/android.widget.ImageView[4]
11/12/22 10:12:32 PM Sunday - BasePage - INFO : Clicked on Element with LocatorType: xpath and with the locatorValue :/hierarchy/android.widget.FrameLayout/android.widget.LinearLayout/android.widget.FrameLayout/android.widget.FrameLayout/android.view.View/android.view.View/android.view.View/android.view.View/android.view.View[3]/android.widget.ImageView[4]
11/12/22 10:12:32 PM Sunday - BasePage - INFO : Element found with LocatorType: xpath with the locatorValue :/hierarchy/android.widget.FrameLayout/android.widget.LinearLayout/android.widget.FrameLayout/android.widget.FrameLayout/android.view.View/android.view.View/android.view.View/android.view.View/android.view.View[2]/android.view.View/android.view.View/android.view.View/android.view.View/android.widget.ImageView[4]
11/12/22 10:12:33 PM Sunday - BasePage - INFO : Clicked on Element with LocatorType: xpath and with the locatorValue :/hierarchy/android.widget.FrameLayout/android.widget.LinearLayout/android.widget.FrameLayout/android.widget.FrameLayout/android.view.View/android.view.View/android.view.View/android.view.View/android.view.View[2]/android.view.View/android.view.View/android.view.View/android.view.View/android.widget.ImageView[4]
11/12/22 10:12:33 PM Sunday - BasePage - INFO : Element found with LocatorType: xpath with the locatorValue ://android.view.View[@content-desc="Log Out"]
11/12/22 10:12:34 PM Sunday - BasePage - INFO : Clicked on Element with LocatorType: xpath and with the locatorValue ://android.view.View[@content-desc="Log Out"]
11/12/22 10:12:34 PM Sunday - BasePage - INFO : Element found with LocatorType: xpath with the locatorValue ://android.widget.Button[@content-desc="Log Out"]
11/12/22 10:12:35 PM Sunday - BasePage - INFO : Clicked on Element with LocatorType: xpath and with the locatorValue ://android.widget.Button[@content-desc="Log Out"]
